{"Y:\\Projects\\Modules\\Omniscience-Sdk-Resolver\\spec\\Firefox\\FileUtilitiesSpec.js":{"path":"Y:\\Projects\\Modules\\Omniscience-Sdk-Resolver\\spec\\Firefox\\FileUtilitiesSpec.js","s":{"1":1,"2":1,"3":1,"4":1,"5":1,"6":1,"7":1,"8":1,"9":7,"10":7,"11":7,"12":1,"13":1,"14":1,"15":1,"16":1,"17":1,"18":1,"19":1,"20":1,"21":1,"22":1,"23":1,"24":1,"25":1,"26":1,"27":1,"28":1,"29":1,"30":1,"31":1,"32":1,"33":1,"34":1,"35":1,"36":1,"37":1,"38":1,"39":1,"40":1,"41":1,"42":1,"43":1,"44":1,"45":1,"46":1,"47":1,"48":1,"49":1,"50":1,"51":2,"52":2,"53":1,"54":2,"55":1,"56":1,"57":1,"58":3,"59":3,"60":1,"61":2,"62":2,"63":1,"64":1,"65":1,"66":1,"67":1,"68":1,"69":1,"70":1,"71":1,"72":1,"73":1,"74":1,"75":1,"76":1,"77":1,"78":1,"79":1,"80":1,"81":1,"82":1,"83":1,"84":1,"85":1,"86":0,"87":1,"88":1,"89":1,"90":1,"91":1,"92":1,"93":1,"94":1,"95":1,"96":1,"97":1,"98":1,"99":1,"100":1,"101":1,"102":1,"103":1},"b":{"1":[1,1],"2":[1,1],"3":[1,1]},"f":{"1":1,"2":7,"3":1,"4":1,"5":1,"6":1,"7":1,"8":1,"9":1,"10":2,"11":2,"12":3,"13":2,"14":1,"15":1,"16":0,"17":1,"18":1,"19":1,"20":1,"21":1},"fnMap":{"1":{"name":"(anonymous_1)","line":8,"loc":{"start":{"line":8,"column":26},"end":{"line":8,"column":38}}},"2":{"name":"(anonymous_2)","line":12,"loc":{"start":{"line":12,"column":12},"end":{"line":12,"column":24}}},"3":{"name":"(anonymous_3)","line":18,"loc":{"start":{"line":18,"column":20},"end":{"line":18,"column":32}}},"4":{"name":"(anonymous_4)","line":19,"loc":{"start":{"line":19,"column":92},"end":{"line":19,"column":104}}},"5":{"name":"(anonymous_5)","line":34,"loc":{"start":{"line":34,"column":91},"end":{"line":34,"column":103}}},"6":{"name":"(anonymous_6)","line":50,"loc":{"start":{"line":50,"column":23},"end":{"line":50,"column":35}}},"7":{"name":"(anonymous_7)","line":51,"loc":{"start":{"line":51,"column":38},"end":{"line":51,"column":50}}},"8":{"name":"(anonymous_8)","line":65,"loc":{"start":{"line":65,"column":29},"end":{"line":65,"column":41}}},"9":{"name":"(anonymous_9)","line":66,"loc":{"start":{"line":66,"column":89},"end":{"line":66,"column":101}}},"10":{"name":"(anonymous_10)","line":80,"loc":{"start":{"line":80,"column":87},"end":{"line":80,"column":99}}},"11":{"name":"(anonymous_11)","line":84,"loc":{"start":{"line":84,"column":87},"end":{"line":84,"column":103}}},"12":{"name":"(anonymous_12)","line":89,"loc":{"start":{"line":89,"column":42},"end":{"line":89,"column":54}}},"13":{"name":"(anonymous_13)","line":93,"loc":{"start":{"line":93,"column":34},"end":{"line":93,"column":46}}},"14":{"name":"(anonymous_14)","line":99,"loc":{"start":{"line":99,"column":31},"end":{"line":99,"column":49}}},"15":{"name":"(anonymous_15)","line":125,"loc":{"start":{"line":125,"column":61},"end":{"line":125,"column":73}}},"16":{"name":"(anonymous_16)","line":135,"loc":{"start":{"line":135,"column":3},"end":{"line":135,"column":15}}},"17":{"name":"(anonymous_17)","line":136,"loc":{"start":{"line":136,"column":3},"end":{"line":136,"column":21}}},"18":{"name":"(anonymous_18)","line":139,"loc":{"start":{"line":139,"column":25},"end":{"line":139,"column":37}}},"19":{"name":"(anonymous_19)","line":140,"loc":{"start":{"line":140,"column":49},"end":{"line":140,"column":61}}},"20":{"name":"(anonymous_20)","line":153,"loc":{"start":{"line":153,"column":70},"end":{"line":153,"column":82}}},"21":{"name":"(anonymous_21)","line":156,"loc":{"start":{"line":156,"column":87},"end":{"line":156,"column":99}}}},"statementMap":{"1":{"start":{"line":3,"column":0},"end":{"line":3,"column":26}},"2":{"start":{"line":5,"column":0},"end":{"line":5,"column":49}},"3":{"start":{"line":6,"column":0},"end":{"line":6,"column":65}},"4":{"start":{"line":8,"column":0},"end":{"line":168,"column":3}},"5":{"start":{"line":9,"column":1},"end":{"line":9,"column":10}},"6":{"start":{"line":10,"column":1},"end":{"line":10,"column":21}},"7":{"start":{"line":11,"column":1},"end":{"line":11,"column":26}},"8":{"start":{"line":12,"column":1},"end":{"line":16,"column":4}},"9":{"start":{"line":13,"column":2},"end":{"line":13,"column":23}},"10":{"start":{"line":14,"column":2},"end":{"line":14,"column":28}},"11":{"start":{"line":15,"column":2},"end":{"line":15,"column":66}},"12":{"start":{"line":18,"column":1},"end":{"line":49,"column":4}},"13":{"start":{"line":19,"column":2},"end":{"line":33,"column":5}},"14":{"start":{"line":21,"column":3},"end":{"line":21,"column":69}},"15":{"start":{"line":22,"column":3},"end":{"line":22,"column":45}},"16":{"start":{"line":24,"column":3},"end":{"line":24,"column":104}},"17":{"start":{"line":27,"column":3},"end":{"line":27,"column":38}},"18":{"start":{"line":30,"column":3},"end":{"line":30,"column":66}},"19":{"start":{"line":31,"column":3},"end":{"line":31,"column":64}},"20":{"start":{"line":32,"column":3},"end":{"line":32,"column":33}},"21":{"start":{"line":34,"column":2},"end":{"line":48,"column":5}},"22":{"start":{"line":36,"column":3},"end":{"line":36,"column":69}},"23":{"start":{"line":37,"column":3},"end":{"line":37,"column":21}},"24":{"start":{"line":39,"column":3},"end":{"line":39,"column":104}},"25":{"start":{"line":42,"column":3},"end":{"line":42,"column":38}},"26":{"start":{"line":45,"column":3},"end":{"line":45,"column":66}},"27":{"start":{"line":46,"column":3},"end":{"line":46,"column":64}},"28":{"start":{"line":47,"column":3},"end":{"line":47,"column":33}},"29":{"start":{"line":50,"column":1},"end":{"line":64,"column":4}},"30":{"start":{"line":51,"column":2},"end":{"line":63,"column":5}},"31":{"start":{"line":53,"column":3},"end":{"line":53,"column":21}},"32":{"start":{"line":54,"column":3},"end":{"line":54,"column":33}},"33":{"start":{"line":55,"column":3},"end":{"line":55,"column":78}},"34":{"start":{"line":58,"column":3},"end":{"line":58,"column":41}},"35":{"start":{"line":61,"column":3},"end":{"line":61,"column":29}},"36":{"start":{"line":62,"column":3},"end":{"line":62,"column":63}},"37":{"start":{"line":65,"column":1},"end":{"line":124,"column":4}},"38":{"start":{"line":66,"column":2},"end":{"line":123,"column":5}},"39":{"start":{"line":68,"column":3},"end":{"line":68,"column":32}},"40":{"start":{"line":69,"column":3},"end":{"line":69,"column":24}},"41":{"start":{"line":70,"column":3},"end":{"line":70,"column":32}},"42":{"start":{"line":71,"column":3},"end":{"line":71,"column":37}},"43":{"start":{"line":72,"column":3},"end":{"line":72,"column":105}},"44":{"start":{"line":73,"column":3},"end":{"line":73,"column":105}},"45":{"start":{"line":74,"column":3},"end":{"line":74,"column":31}},"46":{"start":{"line":75,"column":3},"end":{"line":75,"column":31}},"47":{"start":{"line":76,"column":3},"end":{"line":76,"column":85}},"48":{"start":{"line":77,"column":3},"end":{"line":77,"column":98}},"49":{"start":{"line":78,"column":3},"end":{"line":78,"column":36}},"50":{"start":{"line":80,"column":3},"end":{"line":83,"column":6}},"51":{"start":{"line":81,"column":4},"end":{"line":81,"column":27}},"52":{"start":{"line":82,"column":4},"end":{"line":82,"column":53}},"53":{"start":{"line":84,"column":3},"end":{"line":86,"column":6}},"54":{"start":{"line":85,"column":4},"end":{"line":85,"column":49}},"55":{"start":{"line":87,"column":3},"end":{"line":87,"column":96}},"56":{"start":{"line":88,"column":3},"end":{"line":88,"column":135}},"57":{"start":{"line":89,"column":3},"end":{"line":92,"column":6}},"58":{"start":{"line":90,"column":4},"end":{"line":90,"column":27}},"59":{"start":{"line":91,"column":4},"end":{"line":91,"column":36}},"60":{"start":{"line":93,"column":3},"end":{"line":96,"column":6}},"61":{"start":{"line":94,"column":4},"end":{"line":94,"column":19}},"62":{"start":{"line":95,"column":4},"end":{"line":95,"column":45}},"63":{"start":{"line":99,"column":3},"end":{"line":112,"column":6}},"64":{"start":{"line":100,"column":4},"end":{"line":100,"column":47}},"65":{"start":{"line":101,"column":4},"end":{"line":101,"column":34}},"66":{"start":{"line":103,"column":4},"end":{"line":103,"column":44}},"67":{"start":{"line":104,"column":4},"end":{"line":104,"column":44}},"68":{"start":{"line":105,"column":4},"end":{"line":105,"column":48}},"69":{"start":{"line":106,"column":4},"end":{"line":106,"column":43}},"70":{"start":{"line":108,"column":4},"end":{"line":108,"column":44}},"71":{"start":{"line":109,"column":4},"end":{"line":109,"column":44}},"72":{"start":{"line":110,"column":4},"end":{"line":110,"column":48}},"73":{"start":{"line":111,"column":4},"end":{"line":111,"column":43}},"74":{"start":{"line":115,"column":3},"end":{"line":115,"column":82}},"75":{"start":{"line":116,"column":3},"end":{"line":116,"column":61}},"76":{"start":{"line":117,"column":3},"end":{"line":117,"column":161}},"77":{"start":{"line":118,"column":3},"end":{"line":118,"column":102}},"78":{"start":{"line":119,"column":3},"end":{"line":119,"column":75}},"79":{"start":{"line":122,"column":3},"end":{"line":122,"column":83}},"80":{"start":{"line":125,"column":1},"end":{"line":138,"column":4}},"81":{"start":{"line":127,"column":2},"end":{"line":127,"column":36}},"82":{"start":{"line":128,"column":2},"end":{"line":128,"column":97}},"83":{"start":{"line":130,"column":2},"end":{"line":130,"column":95}},"84":{"start":{"line":131,"column":2},"end":{"line":131,"column":134}},"85":{"start":{"line":134,"column":2},"end":{"line":136,"column":92}},"86":{"start":{"line":135,"column":17},"end":{"line":135,"column":62}},"87":{"start":{"line":136,"column":23},"end":{"line":136,"column":88}},"88":{"start":{"line":137,"column":2},"end":{"line":137,"column":87}},"89":{"start":{"line":139,"column":1},"end":{"line":167,"column":4}},"90":{"start":{"line":140,"column":2},"end":{"line":152,"column":5}},"91":{"start":{"line":142,"column":3},"end":{"line":142,"column":29}},"92":{"start":{"line":143,"column":3},"end":{"line":143,"column":25}},"93":{"start":{"line":144,"column":3},"end":{"line":144,"column":100}},"94":{"start":{"line":147,"column":3},"end":{"line":147,"column":41}},"95":{"start":{"line":150,"column":3},"end":{"line":150,"column":72}},"96":{"start":{"line":151,"column":3},"end":{"line":151,"column":33}},"97":{"start":{"line":153,"column":2},"end":{"line":166,"column":5}},"98":{"start":{"line":155,"column":3},"end":{"line":155,"column":25}},"99":{"start":{"line":156,"column":3},"end":{"line":158,"column":6}},"100":{"start":{"line":157,"column":4},"end":{"line":157,"column":44}},"101":{"start":{"line":161,"column":3},"end":{"line":161,"column":41}},"102":{"start":{"line":164,"column":3},"end":{"line":164,"column":72}},"103":{"start":{"line":165,"column":3},"end":{"line":165,"column":50}}},"branchMap":{"1":{"line":82,"type":"cond-expr","locations":[{"start":{"line":82,"column":39},"end":{"line":82,"column":44}},{"start":{"line":82,"column":47},"end":{"line":82,"column":52}}]},"2":{"line":85,"type":"cond-expr","locations":[{"start":{"line":85,"column":27},"end":{"line":85,"column":36}},{"start":{"line":85,"column":39},"end":{"line":85,"column":48}}]},"3":{"line":95,"type":"cond-expr","locations":[{"start":{"line":95,"column":31},"end":{"line":95,"column":36}},{"start":{"line":95,"column":39},"end":{"line":95,"column":44}}]}}},"Y:\\Projects\\Modules\\Omniscience-Sdk-Resolver\\lib\\Constants.js":{"path":"Y:\\Projects\\Modules\\Omniscience-Sdk-Resolver\\lib\\Constants.js","s":{"1":1,"2":18},"b":{},"f":{"1":18},"fnMap":{"1":{"name":"(anonymous_1)","line":20,"loc":{"start":{"line":20,"column":69},"end":{"line":20,"column":82}}}},"statementMap":{"1":{"start":{"line":3,"column":0},"end":{"line":23,"column":2}},"2":{"start":{"line":21,"column":2},"end":{"line":21,"column":25}}},"branchMap":{}},"Y:\\Projects\\Modules\\Omniscience-Sdk-Resolver\\lib\\Firefox\\FileUtilities.js":{"path":"Y:\\Projects\\Modules\\Omniscience-Sdk-Resolver\\lib\\Firefox\\FileUtilities.js","s":{"1":1,"2":1,"3":1,"4":4,"5":4,"6":4,"7":4,"8":4,"9":4,"10":1,"11":1,"12":1,"13":1,"14":0,"15":1,"16":1,"17":7,"18":0,"19":1,"20":1,"21":1,"22":7,"23":7,"24":7,"25":1,"26":4,"27":4,"28":1,"29":4,"30":3,"31":4,"32":1,"33":2,"34":2,"35":2,"36":2,"37":2,"38":2,"39":2,"40":1,"41":1,"42":1,"43":2,"44":2,"45":2,"46":1,"47":1,"48":4,"49":4,"50":1,"51":1,"52":1},"b":{"1":[4,4],"2":[4,0],"3":[1,0],"4":[0,1],"5":[0,7],"6":[1,3],"7":[3,1],"8":[1,1]},"f":{"1":1,"2":1,"3":1,"4":7,"5":1,"6":7,"7":4,"8":1,"9":2,"10":2,"11":2,"12":4},"fnMap":{"1":{"name":"(anonymous_1)","line":6,"loc":{"start":{"line":6,"column":20},"end":{"line":6,"column":32}},"skip":true},"2":{"name":"defineProperties","line":6,"loc":{"start":{"line":6,"column":34},"end":{"line":6,"column":75}},"skip":true},"3":{"name":"(anonymous_3)","line":6,"loc":{"start":{"line":6,"column":358},"end":{"line":6,"column":406}},"skip":true},"4":{"name":"_classCallCheck","line":10,"loc":{"start":{"line":10,"column":0},"end":{"line":10,"column":48}},"skip":true},"5":{"name":"(anonymous_5)","line":14,"loc":{"start":{"line":14,"column":21},"end":{"line":14,"column":33}}},"6":{"name":"FileUtilities","line":15,"loc":{"start":{"line":15,"column":4},"end":{"line":15,"column":56}}},"7":{"name":"create","line":24,"loc":{"start":{"line":24,"column":15},"end":{"line":24,"column":41}}},"8":{"name":"readBytes","line":32,"loc":{"start":{"line":32,"column":15},"end":{"line":32,"column":44}}},"9":{"name":"openFileBrowser","line":37,"loc":{"start":{"line":37,"column":15},"end":{"line":37,"column":42}}},"10":{"name":"(anonymous_10)","line":42,"loc":{"start":{"line":42,"column":31},"end":{"line":42,"column":58}}},"11":{"name":"(anonymous_11)","line":47,"loc":{"start":{"line":47,"column":32},"end":{"line":47,"column":50}}},"12":{"name":"getMimeType","line":68,"loc":{"start":{"line":68,"column":15},"end":{"line":68,"column":42}}}},"statementMap":{"1":{"start":{"line":6,"column":0},"end":{"line":6,"column":566},"skip":true},"2":{"start":{"line":6,"column":34},"end":{"line":6,"column":350},"skip":true},"3":{"start":{"line":6,"column":77},"end":{"line":6,"column":348},"skip":true},"4":{"start":{"line":6,"column":118},"end":{"line":6,"column":144},"skip":true},"5":{"start":{"line":6,"column":145},"end":{"line":6,"column":200},"skip":true},"6":{"start":{"line":6,"column":201},"end":{"line":6,"column":232},"skip":true},"7":{"start":{"line":6,"column":233},"end":{"line":6,"column":287},"skip":true},"8":{"start":{"line":6,"column":260},"end":{"line":6,"column":287},"skip":true},"9":{"start":{"line":6,"column":288},"end":{"line":6,"column":346},"skip":true},"10":{"start":{"line":6,"column":351},"end":{"line":6,"column":560},"skip":true},"11":{"start":{"line":6,"column":408},"end":{"line":6,"column":476},"skip":true},"12":{"start":{"line":6,"column":424},"end":{"line":6,"column":476},"skip":true},"13":{"start":{"line":6,"column":477},"end":{"line":6,"column":537},"skip":true},"14":{"start":{"line":6,"column":494},"end":{"line":6,"column":537},"skip":true},"15":{"start":{"line":6,"column":538},"end":{"line":6,"column":557},"skip":true},"16":{"start":{"line":10,"column":0},"end":{"line":10,"column":153},"skip":true},"17":{"start":{"line":10,"column":50},"end":{"line":10,"column":151},"skip":true},"18":{"start":{"line":10,"column":92},"end":{"line":10,"column":149},"skip":true},"19":{"start":{"line":12,"column":0},"end":{"line":12,"column":40}},"20":{"start":{"line":14,"column":0},"end":{"line":89,"column":5}},"21":{"start":{"line":15,"column":4},"end":{"line":20,"column":5}},"22":{"start":{"line":16,"column":8},"end":{"line":16,"column":45}},"23":{"start":{"line":18,"column":8},"end":{"line":18,"column":38}},"24":{"start":{"line":19,"column":8},"end":{"line":19,"column":48}},"25":{"start":{"line":22,"column":4},"end":{"line":86,"column":8}},"26":{"start":{"line":25,"column":12},"end":{"line":25,"column":58}},"27":{"start":{"line":26,"column":12},"end":{"line":26,"column":74}},"28":{"start":{"line":26,"column":46},"end":{"line":26,"column":74}},"29":{"start":{"line":27,"column":12},"end":{"line":27,"column":74}},"30":{"start":{"line":27,"column":46},"end":{"line":27,"column":74}},"31":{"start":{"line":28,"column":12},"end":{"line":28,"column":24}},"32":{"start":{"line":33,"column":12},"end":{"line":33,"column":51}},"33":{"start":{"line":40,"column":12},"end":{"line":40,"column":29},"skip":true},"34":{"start":{"line":42,"column":12},"end":{"line":64,"column":15}},"35":{"start":{"line":43,"column":16},"end":{"line":43,"column":64}},"36":{"start":{"line":44,"column":16},"end":{"line":44,"column":176}},"37":{"start":{"line":45,"column":16},"end":{"line":45,"column":82}},"38":{"start":{"line":47,"column":16},"end":{"line":63,"column":19}},"39":{"start":{"line":48,"column":20},"end":{"line":62,"column":79}},"40":{"start":{"line":49,"column":24},"end":{"line":49,"column":63}},"41":{"start":{"line":50,"column":24},"end":{"line":50,"column":39}},"42":{"start":{"line":51,"column":24},"end":{"line":60,"column":25}},"43":{"start":{"line":52,"column":28},"end":{"line":52,"column":79}},"44":{"start":{"line":53,"column":28},"end":{"line":57,"column":30}},"45":{"start":{"line":59,"column":28},"end":{"line":59,"column":49}},"46":{"start":{"line":61,"column":24},"end":{"line":61,"column":39}},"47":{"start":{"line":62,"column":27},"end":{"line":62,"column":79}},"48":{"start":{"line":80,"column":12},"end":{"line":84,"column":13}},"49":{"start":{"line":81,"column":16},"end":{"line":81,"column":62}},"50":{"start":{"line":83,"column":16},"end":{"line":83,"column":49}},"51":{"start":{"line":88,"column":4},"end":{"line":88,"column":25}},"52":{"start":{"line":91,"column":0},"end":{"line":91,"column":31}}},"branchMap":{"1":{"line":6,"type":"binary-expr","locations":[{"start":{"line":6,"column":169},"end":{"line":6,"column":190},"skip":true},{"start":{"line":6,"column":194},"end":{"line":6,"column":199},"skip":true}]},"2":{"line":6,"type":"if","locations":[{"start":{"line":6,"column":233},"end":{"line":6,"column":233},"skip":true},{"start":{"line":6,"column":233},"end":{"line":6,"column":233},"skip":true}]},"3":{"line":6,"type":"if","locations":[{"start":{"line":6,"column":408},"end":{"line":6,"column":408},"skip":true},{"start":{"line":6,"column":408},"end":{"line":6,"column":408},"skip":true}]},"4":{"line":6,"type":"if","locations":[{"start":{"line":6,"column":477},"end":{"line":6,"column":477},"skip":true},{"start":{"line":6,"column":477},"end":{"line":6,"column":477},"skip":true}]},"5":{"line":10,"type":"if","locations":[{"start":{"line":10,"column":50},"end":{"line":10,"column":50},"skip":true},{"start":{"line":10,"column":50},"end":{"line":10,"column":50},"skip":true}]},"6":{"line":26,"type":"if","locations":[{"start":{"line":26,"column":12},"end":{"line":26,"column":12}},{"start":{"line":26,"column":12},"end":{"line":26,"column":12}}]},"7":{"line":27,"type":"if","locations":[{"start":{"line":27,"column":12},"end":{"line":27,"column":12}},{"start":{"line":27,"column":12},"end":{"line":27,"column":12}}]},"8":{"line":48,"type":"if","locations":[{"start":{"line":48,"column":20},"end":{"line":48,"column":20}},{"start":{"line":48,"column":20},"end":{"line":48,"column":20}}]}}},"Y:\\Projects\\Modules\\Omniscience-Sdk-Resolver\\spec\\Firefox\\IPResolverSpec.js":{"path":"Y:\\Projects\\Modules\\Omniscience-Sdk-Resolver\\spec\\Firefox\\IPResolverSpec.js","s":{"1":1,"2":1,"3":1,"4":1,"5":1,"6":1,"7":1,"8":1,"9":3,"10":3,"11":3,"12":1,"13":1,"14":1,"15":1,"16":1,"17":1,"18":3,"19":3,"20":1,"21":1,"22":1,"23":1,"24":1,"25":1,"26":1,"27":1,"28":1,"29":1,"30":1,"31":1,"32":1,"33":1,"34":1,"35":3,"36":3,"37":1,"38":2,"39":1,"40":1,"41":1,"42":1,"43":1,"44":1,"45":1,"46":1,"47":1,"48":1,"49":1,"50":1,"51":1,"52":1,"53":1,"54":1,"55":1,"56":1,"57":1,"58":1,"59":1,"60":1,"61":1,"62":1,"63":1,"64":1,"65":1,"66":1,"67":1,"68":1,"69":1},"b":{"1":[1,1]},"f":{"1":1,"2":3,"3":1,"4":1,"5":3,"6":1,"7":1,"8":3,"9":2,"10":1,"11":1,"12":1,"13":1},"fnMap":{"1":{"name":"(anonymous_1)","line":10,"loc":{"start":{"line":10,"column":23},"end":{"line":10,"column":35}}},"2":{"name":"(anonymous_2)","line":14,"loc":{"start":{"line":14,"column":12},"end":{"line":14,"column":24}}},"3":{"name":"(anonymous_3)","line":20,"loc":{"start":{"line":20,"column":24},"end":{"line":20,"column":36}}},"4":{"name":"(anonymous_4)","line":21,"loc":{"start":{"line":21,"column":134},"end":{"line":21,"column":146}}},"5":{"name":"(anonymous_5)","line":26,"loc":{"start":{"line":26,"column":35},"end":{"line":26,"column":47}}},"6":{"name":"(anonymous_6)","line":37,"loc":{"start":{"line":37,"column":26},"end":{"line":37,"column":44}}},"7":{"name":"(anonymous_7)","line":47,"loc":{"start":{"line":47,"column":101},"end":{"line":47,"column":113}}},"8":{"name":"(anonymous_8)","line":52,"loc":{"start":{"line":52,"column":35},"end":{"line":52,"column":47}}},"9":{"name":"(anonymous_9)","line":57,"loc":{"start":{"line":57,"column":47},"end":{"line":57,"column":59}}},"10":{"name":"(anonymous_10)","line":65,"loc":{"start":{"line":65,"column":26},"end":{"line":65,"column":44}}},"11":{"name":"(anonymous_11)","line":75,"loc":{"start":{"line":75,"column":71},"end":{"line":75,"column":83}}},"12":{"name":"(anonymous_12)","line":85,"loc":{"start":{"line":85,"column":42},"end":{"line":85,"column":71}}},"13":{"name":"(anonymous_13)","line":97,"loc":{"start":{"line":97,"column":26},"end":{"line":97,"column":44}}}},"statementMap":{"1":{"start":{"line":5,"column":0},"end":{"line":5,"column":26}},"2":{"start":{"line":7,"column":0},"end":{"line":7,"column":47}},"3":{"start":{"line":8,"column":0},"end":{"line":8,"column":57}},"4":{"start":{"line":10,"column":0},"end":{"line":110,"column":3}},"5":{"start":{"line":11,"column":1},"end":{"line":11,"column":10}},"6":{"start":{"line":12,"column":1},"end":{"line":12,"column":21}},"7":{"start":{"line":13,"column":1},"end":{"line":13,"column":14}},"8":{"start":{"line":14,"column":1},"end":{"line":18,"column":4}},"9":{"start":{"line":15,"column":2},"end":{"line":15,"column":23}},"10":{"start":{"line":16,"column":2},"end":{"line":16,"column":16}},"11":{"start":{"line":17,"column":2},"end":{"line":17,"column":51}},"12":{"start":{"line":20,"column":1},"end":{"line":109,"column":4}},"13":{"start":{"line":21,"column":2},"end":{"line":46,"column":5}},"14":{"start":{"line":23,"column":3},"end":{"line":23,"column":33}},"15":{"start":{"line":24,"column":3},"end":{"line":24,"column":91}},"16":{"start":{"line":25,"column":3},"end":{"line":25,"column":17}},"17":{"start":{"line":26,"column":3},"end":{"line":29,"column":6}},"18":{"start":{"line":27,"column":4},"end":{"line":27,"column":12}},"19":{"start":{"line":28,"column":4},"end":{"line":28,"column":21}},"20":{"start":{"line":31,"column":3},"end":{"line":31,"column":63}},"21":{"start":{"line":33,"column":3},"end":{"line":33,"column":43}},"22":{"start":{"line":34,"column":3},"end":{"line":34,"column":86}},"23":{"start":{"line":37,"column":3},"end":{"line":45,"column":6}},"24":{"start":{"line":39,"column":4},"end":{"line":39,"column":72}},"25":{"start":{"line":40,"column":4},"end":{"line":40,"column":65}},"26":{"start":{"line":41,"column":4},"end":{"line":41,"column":53}},"27":{"start":{"line":42,"column":4},"end":{"line":42,"column":34}},"28":{"start":{"line":43,"column":4},"end":{"line":43,"column":40}},"29":{"start":{"line":44,"column":4},"end":{"line":44,"column":40}},"30":{"start":{"line":47,"column":2},"end":{"line":74,"column":5}},"31":{"start":{"line":49,"column":3},"end":{"line":49,"column":33}},"32":{"start":{"line":50,"column":3},"end":{"line":50,"column":91}},"33":{"start":{"line":51,"column":3},"end":{"line":51,"column":17}},"34":{"start":{"line":52,"column":3},"end":{"line":55,"column":6}},"35":{"start":{"line":53,"column":4},"end":{"line":53,"column":12}},"36":{"start":{"line":54,"column":4},"end":{"line":54,"column":21}},"37":{"start":{"line":57,"column":3},"end":{"line":59,"column":6}},"38":{"start":{"line":58,"column":4},"end":{"line":58,"column":64}},"39":{"start":{"line":61,"column":3},"end":{"line":61,"column":43}},"40":{"start":{"line":62,"column":3},"end":{"line":62,"column":86}},"41":{"start":{"line":65,"column":3},"end":{"line":73,"column":6}},"42":{"start":{"line":67,"column":4},"end":{"line":67,"column":72}},"43":{"start":{"line":68,"column":4},"end":{"line":68,"column":65}},"44":{"start":{"line":69,"column":4},"end":{"line":69,"column":53}},"45":{"start":{"line":70,"column":4},"end":{"line":70,"column":34}},"46":{"start":{"line":71,"column":4},"end":{"line":71,"column":45}},"47":{"start":{"line":72,"column":4},"end":{"line":72,"column":40}},"48":{"start":{"line":75,"column":2},"end":{"line":108,"column":5}},"49":{"start":{"line":77,"column":3},"end":{"line":77,"column":33}},"50":{"start":{"line":78,"column":3},"end":{"line":78,"column":68}},"51":{"start":{"line":79,"column":3},"end":{"line":79,"column":41}},"52":{"start":{"line":80,"column":3},"end":{"line":80,"column":59}},"53":{"start":{"line":81,"column":3},"end":{"line":81,"column":45}},"54":{"start":{"line":83,"column":3},"end":{"line":83,"column":111}},"55":{"start":{"line":85,"column":3},"end":{"line":90,"column":6}},"56":{"start":{"line":86,"column":4},"end":{"line":86,"column":67}},"57":{"start":{"line":87,"column":4},"end":{"line":87,"column":60}},"58":{"start":{"line":89,"column":4},"end":{"line":89,"column":52}},"59":{"start":{"line":92,"column":3},"end":{"line":92,"column":102}},"60":{"start":{"line":93,"column":3},"end":{"line":93,"column":43}},"61":{"start":{"line":94,"column":3},"end":{"line":94,"column":86}},"62":{"start":{"line":97,"column":3},"end":{"line":107,"column":6}},"63":{"start":{"line":99,"column":4},"end":{"line":99,"column":60}},"64":{"start":{"line":100,"column":4},"end":{"line":100,"column":92}},"65":{"start":{"line":101,"column":4},"end":{"line":101,"column":104}},"66":{"start":{"line":103,"column":4},"end":{"line":103,"column":34}},"67":{"start":{"line":104,"column":4},"end":{"line":104,"column":43}},"68":{"start":{"line":105,"column":4},"end":{"line":105,"column":40}},"69":{"start":{"line":106,"column":4},"end":{"line":106,"column":168}}},"branchMap":{"1":{"line":58,"type":"cond-expr","locations":[{"start":{"line":58,"column":23},"end":{"line":58,"column":44}},{"start":{"line":58,"column":47},"end":{"line":58,"column":63}}]}}},"Y:\\Projects\\Modules\\Omniscience-Sdk-Resolver\\lib\\Firefox\\IPResolver.js":{"path":"Y:\\Projects\\Modules\\Omniscience-Sdk-Resolver\\lib\\Firefox\\IPResolver.js","s":{"1":1,"2":1,"3":1,"4":2,"5":2,"6":2,"7":2,"8":2,"9":2,"10":1,"11":1,"12":1,"13":1,"14":0,"15":1,"16":1,"17":3,"18":0,"19":1,"20":1,"21":1,"22":3,"23":3,"24":3,"25":1,"26":3,"27":3,"28":3,"29":3,"30":3,"31":4,"32":3,"33":3,"34":2,"35":3,"36":3,"37":2,"38":5,"39":1,"40":1,"41":1,"42":1,"43":1,"44":1,"45":1,"46":1,"47":1},"b":{"1":[2,2],"2":[2,0],"3":[1,0],"4":[0,1],"5":[0,3],"6":[2,1],"7":[2,1]},"f":{"1":1,"2":1,"3":1,"4":3,"5":1,"6":3,"7":3,"8":3,"9":3,"10":5,"11":1,"12":1},"fnMap":{"1":{"name":"(anonymous_1)","line":6,"loc":{"start":{"line":6,"column":20},"end":{"line":6,"column":32}},"skip":true},"2":{"name":"defineProperties","line":6,"loc":{"start":{"line":6,"column":34},"end":{"line":6,"column":75}},"skip":true},"3":{"name":"(anonymous_3)","line":6,"loc":{"start":{"line":6,"column":358},"end":{"line":6,"column":406}},"skip":true},"4":{"name":"_classCallCheck","line":10,"loc":{"start":{"line":10,"column":0},"end":{"line":10,"column":48}},"skip":true},"5":{"name":"(anonymous_5)","line":14,"loc":{"start":{"line":14,"column":18},"end":{"line":14,"column":30}}},"6":{"name":"IPResolver","line":15,"loc":{"start":{"line":15,"column":4},"end":{"line":15,"column":41}}},"7":{"name":"resolveIPs","line":24,"loc":{"start":{"line":24,"column":15},"end":{"line":24,"column":37}}},"8":{"name":"(anonymous_8)","line":34,"loc":{"start":{"line":34,"column":32},"end":{"line":34,"column":51}}},"9":{"name":"(anonymous_9)","line":38,"loc":{"start":{"line":38,"column":31},"end":{"line":38,"column":58}}},"10":{"name":"(anonymous_10)","line":39,"loc":{"start":{"line":39,"column":67},"end":{"line":39,"column":86}}},"11":{"name":"_forceGetIPs","line":46,"loc":{"start":{"line":46,"column":15},"end":{"line":46,"column":46}}},"12":{"name":"onPacketReceived","line":51,"loc":{"start":{"line":51,"column":34},"end":{"line":51,"column":77}}}},"statementMap":{"1":{"start":{"line":6,"column":0},"end":{"line":6,"column":566},"skip":true},"2":{"start":{"line":6,"column":34},"end":{"line":6,"column":350},"skip":true},"3":{"start":{"line":6,"column":77},"end":{"line":6,"column":348},"skip":true},"4":{"start":{"line":6,"column":118},"end":{"line":6,"column":144},"skip":true},"5":{"start":{"line":6,"column":145},"end":{"line":6,"column":200},"skip":true},"6":{"start":{"line":6,"column":201},"end":{"line":6,"column":232},"skip":true},"7":{"start":{"line":6,"column":233},"end":{"line":6,"column":287},"skip":true},"8":{"start":{"line":6,"column":260},"end":{"line":6,"column":287},"skip":true},"9":{"start":{"line":6,"column":288},"end":{"line":6,"column":346},"skip":true},"10":{"start":{"line":6,"column":351},"end":{"line":6,"column":560},"skip":true},"11":{"start":{"line":6,"column":408},"end":{"line":6,"column":476},"skip":true},"12":{"start":{"line":6,"column":424},"end":{"line":6,"column":476},"skip":true},"13":{"start":{"line":6,"column":477},"end":{"line":6,"column":537},"skip":true},"14":{"start":{"line":6,"column":494},"end":{"line":6,"column":537},"skip":true},"15":{"start":{"line":6,"column":538},"end":{"line":6,"column":557},"skip":true},"16":{"start":{"line":10,"column":0},"end":{"line":10,"column":153},"skip":true},"17":{"start":{"line":10,"column":50},"end":{"line":10,"column":151},"skip":true},"18":{"start":{"line":10,"column":92},"end":{"line":10,"column":149},"skip":true},"19":{"start":{"line":12,"column":0},"end":{"line":12,"column":40}},"20":{"start":{"line":14,"column":0},"end":{"line":63,"column":5}},"21":{"start":{"line":15,"column":4},"end":{"line":20,"column":5}},"22":{"start":{"line":16,"column":8},"end":{"line":16,"column":42}},"23":{"start":{"line":18,"column":8},"end":{"line":18,"column":38}},"24":{"start":{"line":19,"column":8},"end":{"line":19,"column":24}},"25":{"start":{"line":22,"column":4},"end":{"line":60,"column":8}},"26":{"start":{"line":27,"column":12},"end":{"line":27,"column":29},"skip":true},"27":{"start":{"line":29,"column":12},"end":{"line":29,"column":53}},"28":{"start":{"line":30,"column":12},"end":{"line":30,"column":61}},"29":{"start":{"line":31,"column":12},"end":{"line":31,"column":31}},"30":{"start":{"line":32,"column":12},"end":{"line":32,"column":82}},"31":{"start":{"line":32,"column":37},"end":{"line":32,"column":82}},"32":{"start":{"line":34,"column":12},"end":{"line":36,"column":44}},"33":{"start":{"line":35,"column":16},"end":{"line":35,"column":47}},"34":{"start":{"line":36,"column":16},"end":{"line":36,"column":44}},"35":{"start":{"line":38,"column":12},"end":{"line":42,"column":15}},"36":{"start":{"line":39,"column":16},"end":{"line":41,"column":53}},"37":{"start":{"line":39,"column":42},"end":{"line":41,"column":20}},"38":{"start":{"line":40,"column":20},"end":{"line":40,"column":61}},"39":{"start":{"line":41,"column":25},"end":{"line":41,"column":53}},"40":{"start":{"line":47,"column":12},"end":{"line":47,"column":56}},"41":{"start":{"line":48,"column":12},"end":{"line":48,"column":67}},"42":{"start":{"line":50,"column":12},"end":{"line":56,"column":15}},"43":{"start":{"line":53,"column":20},"end":{"line":53,"column":35}},"44":{"start":{"line":54,"column":20},"end":{"line":54,"column":69}},"45":{"start":{"line":58,"column":12},"end":{"line":58,"column":139}},"46":{"start":{"line":62,"column":4},"end":{"line":62,"column":22}},"47":{"start":{"line":65,"column":0},"end":{"line":65,"column":28}}},"branchMap":{"1":{"line":6,"type":"binary-expr","locations":[{"start":{"line":6,"column":169},"end":{"line":6,"column":190},"skip":true},{"start":{"line":6,"column":194},"end":{"line":6,"column":199},"skip":true}]},"2":{"line":6,"type":"if","locations":[{"start":{"line":6,"column":233},"end":{"line":6,"column":233},"skip":true},{"start":{"line":6,"column":233},"end":{"line":6,"column":233},"skip":true}]},"3":{"line":6,"type":"if","locations":[{"start":{"line":6,"column":408},"end":{"line":6,"column":408},"skip":true},{"start":{"line":6,"column":408},"end":{"line":6,"column":408},"skip":true}]},"4":{"line":6,"type":"if","locations":[{"start":{"line":6,"column":477},"end":{"line":6,"column":477},"skip":true},{"start":{"line":6,"column":477},"end":{"line":6,"column":477},"skip":true}]},"5":{"line":10,"type":"if","locations":[{"start":{"line":10,"column":50},"end":{"line":10,"column":50},"skip":true},{"start":{"line":10,"column":50},"end":{"line":10,"column":50},"skip":true}]},"6":{"line":34,"type":"if","locations":[{"start":{"line":34,"column":12},"end":{"line":34,"column":12}},{"start":{"line":34,"column":12},"end":{"line":34,"column":12}}]},"7":{"line":39,"type":"if","locations":[{"start":{"line":39,"column":16},"end":{"line":39,"column":16}},{"start":{"line":39,"column":16},"end":{"line":39,"column":16}}]}}},"Y:\\Projects\\Modules\\Omniscience-Sdk-Resolver\\spec\\Firefox\\UDPSpec.js":{"path":"Y:\\Projects\\Modules\\Omniscience-Sdk-Resolver\\spec\\Firefox\\UDPSpec.js","s":{"1":1,"2":1,"3":1,"4":1,"5":1,"6":1,"7":1,"8":1,"9":2,"10":2,"11":2,"12":1,"13":1,"14":1,"15":1,"16":1,"17":1,"18":1,"19":1,"20":1,"21":1,"22":1,"23":1,"24":1,"25":1,"26":1,"27":1},"b":{},"f":{"1":1,"2":2,"3":1,"4":1,"5":1},"fnMap":{"1":{"name":"(anonymous_1)","line":10,"loc":{"start":{"line":10,"column":16},"end":{"line":10,"column":28}}},"2":{"name":"(anonymous_2)","line":14,"loc":{"start":{"line":14,"column":12},"end":{"line":14,"column":24}}},"3":{"name":"(anonymous_3)","line":20,"loc":{"start":{"line":20,"column":29},"end":{"line":20,"column":41}}},"4":{"name":"(anonymous_4)","line":21,"loc":{"start":{"line":21,"column":95},"end":{"line":21,"column":107}}},"5":{"name":"(anonymous_5)","line":34,"loc":{"start":{"line":34,"column":94},"end":{"line":34,"column":106}}}},"statementMap":{"1":{"start":{"line":5,"column":0},"end":{"line":5,"column":26}},"2":{"start":{"line":7,"column":0},"end":{"line":7,"column":47}},"3":{"start":{"line":8,"column":0},"end":{"line":8,"column":43}},"4":{"start":{"line":10,"column":0},"end":{"line":49,"column":3}},"5":{"start":{"line":11,"column":1},"end":{"line":11,"column":10}},"6":{"start":{"line":12,"column":1},"end":{"line":12,"column":32}},"7":{"start":{"line":13,"column":1},"end":{"line":13,"column":28}},"8":{"start":{"line":14,"column":1},"end":{"line":18,"column":4}},"9":{"start":{"line":15,"column":2},"end":{"line":15,"column":79}},"10":{"start":{"line":16,"column":2},"end":{"line":16,"column":71}},"11":{"start":{"line":17,"column":2},"end":{"line":17,"column":69}},"12":{"start":{"line":20,"column":1},"end":{"line":48,"column":4}},"13":{"start":{"line":21,"column":2},"end":{"line":33,"column":5}},"14":{"start":{"line":23,"column":3},"end":{"line":23,"column":65}},"15":{"start":{"line":24,"column":3},"end":{"line":24,"column":54}},"16":{"start":{"line":27,"column":3},"end":{"line":27,"column":39}},"17":{"start":{"line":30,"column":3},"end":{"line":30,"column":57}},"18":{"start":{"line":31,"column":3},"end":{"line":31,"column":87}},"19":{"start":{"line":32,"column":3},"end":{"line":32,"column":35}},"20":{"start":{"line":34,"column":2},"end":{"line":47,"column":5}},"21":{"start":{"line":36,"column":3},"end":{"line":36,"column":65}},"22":{"start":{"line":37,"column":3},"end":{"line":37,"column":54}},"23":{"start":{"line":38,"column":3},"end":{"line":38,"column":28}},"24":{"start":{"line":41,"column":3},"end":{"line":41,"column":49}},"25":{"start":{"line":44,"column":3},"end":{"line":44,"column":57}},"26":{"start":{"line":45,"column":3},"end":{"line":45,"column":95}},"27":{"start":{"line":46,"column":3},"end":{"line":46,"column":35}}},"branchMap":{}},"Y:\\Projects\\Modules\\Omniscience-Sdk-Resolver\\lib\\Firefox\\UDP.js":{"path":"Y:\\Projects\\Modules\\Omniscience-Sdk-Resolver\\lib\\Firefox\\UDP.js","s":{"1":1,"2":1,"3":1,"4":1,"5":1,"6":1,"7":1,"8":1,"9":1,"10":1,"11":1,"12":1,"13":1,"14":0,"15":1,"16":1,"17":2,"18":0,"19":1,"20":1,"21":2,"22":2,"23":2,"24":1,"25":2,"26":2,"27":2,"28":1,"29":1},"b":{"1":[1,1],"2":[1,0],"3":[1,0],"4":[0,1],"5":[0,2],"6":[2,1]},"f":{"1":1,"2":1,"3":1,"4":2,"5":1,"6":2,"7":2},"fnMap":{"1":{"name":"(anonymous_1)","line":5,"loc":{"start":{"line":5,"column":20},"end":{"line":5,"column":32}},"skip":true},"2":{"name":"defineProperties","line":5,"loc":{"start":{"line":5,"column":34},"end":{"line":5,"column":75}},"skip":true},"3":{"name":"(anonymous_3)","line":5,"loc":{"start":{"line":5,"column":358},"end":{"line":5,"column":406}},"skip":true},"4":{"name":"_classCallCheck","line":9,"loc":{"start":{"line":9,"column":0},"end":{"line":9,"column":48}},"skip":true},"5":{"name":"(anonymous_5)","line":11,"loc":{"start":{"line":11,"column":11},"end":{"line":11,"column":23}}},"6":{"name":"UDP","line":12,"loc":{"start":{"line":12,"column":4},"end":{"line":12,"column":59}}},"7":{"name":"createUDPSocket","line":21,"loc":{"start":{"line":21,"column":15},"end":{"line":21,"column":52}}}},"statementMap":{"1":{"start":{"line":5,"column":0},"end":{"line":5,"column":566},"skip":true},"2":{"start":{"line":5,"column":34},"end":{"line":5,"column":350},"skip":true},"3":{"start":{"line":5,"column":77},"end":{"line":5,"column":348},"skip":true},"4":{"start":{"line":5,"column":118},"end":{"line":5,"column":144},"skip":true},"5":{"start":{"line":5,"column":145},"end":{"line":5,"column":200},"skip":true},"6":{"start":{"line":5,"column":201},"end":{"line":5,"column":232},"skip":true},"7":{"start":{"line":5,"column":233},"end":{"line":5,"column":287},"skip":true},"8":{"start":{"line":5,"column":260},"end":{"line":5,"column":287},"skip":true},"9":{"start":{"line":5,"column":288},"end":{"line":5,"column":346},"skip":true},"10":{"start":{"line":5,"column":351},"end":{"line":5,"column":560},"skip":true},"11":{"start":{"line":5,"column":408},"end":{"line":5,"column":476},"skip":true},"12":{"start":{"line":5,"column":424},"end":{"line":5,"column":476},"skip":true},"13":{"start":{"line":5,"column":477},"end":{"line":5,"column":537},"skip":true},"14":{"start":{"line":5,"column":494},"end":{"line":5,"column":537},"skip":true},"15":{"start":{"line":5,"column":538},"end":{"line":5,"column":557},"skip":true},"16":{"start":{"line":9,"column":0},"end":{"line":9,"column":153},"skip":true},"17":{"start":{"line":9,"column":50},"end":{"line":9,"column":151},"skip":true},"18":{"start":{"line":9,"column":92},"end":{"line":9,"column":149},"skip":true},"19":{"start":{"line":11,"column":0},"end":{"line":29,"column":5}},"20":{"start":{"line":12,"column":4},"end":{"line":17,"column":5}},"21":{"start":{"line":13,"column":8},"end":{"line":13,"column":35}},"22":{"start":{"line":15,"column":8},"end":{"line":15,"column":52}},"23":{"start":{"line":16,"column":8},"end":{"line":16,"column":60}},"24":{"start":{"line":19,"column":4},"end":{"line":26,"column":8}},"25":{"start":{"line":22,"column":12},"end":{"line":22,"column":51}},"26":{"start":{"line":23,"column":12},"end":{"line":23,"column":78}},"27":{"start":{"line":24,"column":12},"end":{"line":24,"column":26}},"28":{"start":{"line":28,"column":4},"end":{"line":28,"column":15}},"29":{"start":{"line":31,"column":0},"end":{"line":31,"column":21}}},"branchMap":{"1":{"line":5,"type":"binary-expr","locations":[{"start":{"line":5,"column":169},"end":{"line":5,"column":190},"skip":true},{"start":{"line":5,"column":194},"end":{"line":5,"column":199},"skip":true}]},"2":{"line":5,"type":"if","locations":[{"start":{"line":5,"column":233},"end":{"line":5,"column":233},"skip":true},{"start":{"line":5,"column":233},"end":{"line":5,"column":233},"skip":true}]},"3":{"line":5,"type":"if","locations":[{"start":{"line":5,"column":408},"end":{"line":5,"column":408},"skip":true},{"start":{"line":5,"column":408},"end":{"line":5,"column":408},"skip":true}]},"4":{"line":5,"type":"if","locations":[{"start":{"line":5,"column":477},"end":{"line":5,"column":477},"skip":true},{"start":{"line":5,"column":477},"end":{"line":5,"column":477},"skip":true}]},"5":{"line":9,"type":"if","locations":[{"start":{"line":9,"column":50},"end":{"line":9,"column":50},"skip":true},{"start":{"line":9,"column":50},"end":{"line":9,"column":50},"skip":true}]},"6":{"line":23,"type":"binary-expr","locations":[{"start":{"line":23,"column":24},"end":{"line":23,"column":34}},{"start":{"line":23,"column":38},"end":{"line":23,"column":40}}]}}}}