TN:
SF:Y:\Projects\Modules\Omniscience-Sdk-Resolver\spec\Firefox\FileUtilitiesSpec.js
FN:8,(anonymous_1)
FN:12,(anonymous_2)
FN:18,(anonymous_3)
FN:19,(anonymous_4)
FN:34,(anonymous_5)
FN:50,(anonymous_6)
FN:51,(anonymous_7)
FN:65,(anonymous_8)
FN:66,(anonymous_9)
FN:80,(anonymous_10)
FN:84,(anonymous_11)
FN:89,(anonymous_12)
FN:93,(anonymous_13)
FN:99,(anonymous_14)
FN:125,(anonymous_15)
FN:135,(anonymous_16)
FN:136,(anonymous_17)
FN:139,(anonymous_18)
FN:140,(anonymous_19)
FN:153,(anonymous_20)
FN:156,(anonymous_21)
FNF:21
FNH:20
FNDA:1,(anonymous_1)
FNDA:7,(anonymous_2)
FNDA:1,(anonymous_3)
FNDA:1,(anonymous_4)
FNDA:1,(anonymous_5)
FNDA:1,(anonymous_6)
FNDA:1,(anonymous_7)
FNDA:1,(anonymous_8)
FNDA:1,(anonymous_9)
FNDA:2,(anonymous_10)
FNDA:2,(anonymous_11)
FNDA:3,(anonymous_12)
FNDA:2,(anonymous_13)
FNDA:1,(anonymous_14)
FNDA:1,(anonymous_15)
FNDA:0,(anonymous_16)
FNDA:1,(anonymous_17)
FNDA:1,(anonymous_18)
FNDA:1,(anonymous_19)
FNDA:1,(anonymous_20)
FNDA:1,(anonymous_21)
DA:3,1
DA:5,1
DA:6,1
DA:8,1
DA:9,1
DA:10,1
DA:11,1
DA:12,1
DA:13,7
DA:14,7
DA:15,7
DA:18,1
DA:19,1
DA:21,1
DA:22,1
DA:24,1
DA:27,1
DA:30,1
DA:31,1
DA:32,1
DA:34,1
DA:36,1
DA:37,1
DA:39,1
DA:42,1
DA:45,1
DA:46,1
DA:47,1
DA:50,1
DA:51,1
DA:53,1
DA:54,1
DA:55,1
DA:58,1
DA:61,1
DA:62,1
DA:65,1
DA:66,1
DA:68,1
DA:69,1
DA:70,1
DA:71,1
DA:72,1
DA:73,1
DA:74,1
DA:75,1
DA:76,1
DA:77,1
DA:78,1
DA:80,1
DA:81,2
DA:82,2
DA:84,1
DA:85,2
DA:87,1
DA:88,1
DA:89,1
DA:90,3
DA:91,3
DA:93,1
DA:94,2
DA:95,2
DA:99,1
DA:100,1
DA:101,1
DA:103,1
DA:104,1
DA:105,1
DA:106,1
DA:108,1
DA:109,1
DA:110,1
DA:111,1
DA:115,1
DA:116,1
DA:117,1
DA:118,1
DA:119,1
DA:122,1
DA:125,1
DA:127,1
DA:128,1
DA:130,1
DA:131,1
DA:134,1
DA:135,0
DA:136,1
DA:137,1
DA:139,1
DA:140,1
DA:142,1
DA:143,1
DA:144,1
DA:147,1
DA:150,1
DA:151,1
DA:153,1
DA:155,1
DA:156,1
DA:157,1
DA:161,1
DA:164,1
DA:165,1
LF:103
LH:102
BRDA:82,1,0,1
BRDA:82,1,1,1
BRDA:85,2,0,1
BRDA:85,2,1,1
BRDA:95,3,0,1
BRDA:95,3,1,1
BRF:6
BRH:6
end_of_record
TN:
SF:Y:\Projects\Modules\Omniscience-Sdk-Resolver\lib\Constants.js
FN:20,(anonymous_1)
FNF:1
FNH:1
FNDA:18,(anonymous_1)
DA:3,1
DA:21,18
LF:2
LH:2
BRF:0
BRH:0
end_of_record
TN:
SF:Y:\Projects\Modules\Omniscience-Sdk-Resolver\lib\Firefox\FileUtilities.js
FN:6,(anonymous_1)
FN:6,defineProperties
FN:6,(anonymous_3)
FN:10,_classCallCheck
FN:14,(anonymous_5)
FN:15,FileUtilities
FN:24,create
FN:32,readBytes
FN:37,openFileBrowser
FN:42,(anonymous_10)
FN:47,(anonymous_11)
FN:68,getMimeType
FNF:12
FNH:12
FNDA:1,(anonymous_1)
FNDA:1,defineProperties
FNDA:1,(anonymous_3)
FNDA:7,_classCallCheck
FNDA:1,(anonymous_5)
FNDA:7,FileUtilities
FNDA:4,create
FNDA:1,readBytes
FNDA:2,openFileBrowser
FNDA:2,(anonymous_10)
FNDA:2,(anonymous_11)
FNDA:4,getMimeType
DA:6,4
DA:10,7
DA:12,1
DA:14,1
DA:15,1
DA:16,7
DA:18,7
DA:19,7
DA:22,1
DA:25,4
DA:26,4
DA:27,4
DA:28,4
DA:33,1
DA:40,2
DA:42,2
DA:43,2
DA:44,2
DA:45,2
DA:47,2
DA:48,2
DA:49,1
DA:50,1
DA:51,1
DA:52,2
DA:53,2
DA:59,2
DA:61,1
DA:62,1
DA:80,4
DA:81,4
DA:83,1
DA:88,1
DA:91,1
LF:34
LH:34
BRDA:6,1,0,4
BRDA:6,1,1,4
BRDA:6,2,0,4
BRDA:6,2,1,0
BRDA:6,3,0,1
BRDA:6,3,1,0
BRDA:6,4,0,0
BRDA:6,4,1,1
BRDA:10,5,0,0
BRDA:10,5,1,7
BRDA:26,6,0,1
BRDA:26,6,1,3
BRDA:27,7,0,3
BRDA:27,7,1,1
BRDA:48,8,0,1
BRDA:48,8,1,1
BRF:16
BRH:16
end_of_record
TN:
SF:Y:\Projects\Modules\Omniscience-Sdk-Resolver\spec\Firefox\IPResolverSpec.js
FN:10,(anonymous_1)
FN:14,(anonymous_2)
FN:20,(anonymous_3)
FN:21,(anonymous_4)
FN:26,(anonymous_5)
FN:37,(anonymous_6)
FN:47,(anonymous_7)
FN:52,(anonymous_8)
FN:57,(anonymous_9)
FN:65,(anonymous_10)
FN:75,(anonymous_11)
FN:85,(anonymous_12)
FN:97,(anonymous_13)
FNF:13
FNH:13
FNDA:1,(anonymous_1)
FNDA:3,(anonymous_2)
FNDA:1,(anonymous_3)
FNDA:1,(anonymous_4)
FNDA:3,(anonymous_5)
FNDA:1,(anonymous_6)
FNDA:1,(anonymous_7)
FNDA:3,(anonymous_8)
FNDA:2,(anonymous_9)
FNDA:1,(anonymous_10)
FNDA:1,(anonymous_11)
FNDA:1,(anonymous_12)
FNDA:1,(anonymous_13)
DA:5,1
DA:7,1
DA:8,1
DA:10,1
DA:11,1
DA:12,1
DA:13,1
DA:14,1
DA:15,3
DA:16,3
DA:17,3
DA:20,1
DA:21,1
DA:23,1
DA:24,1
DA:25,1
DA:26,1
DA:27,3
DA:28,3
DA:31,1
DA:33,1
DA:34,1
DA:37,1
DA:39,1
DA:40,1
DA:41,1
DA:42,1
DA:43,1
DA:44,1
DA:47,1
DA:49,1
DA:50,1
DA:51,1
DA:52,1
DA:53,3
DA:54,3
DA:57,1
DA:58,2
DA:61,1
DA:62,1
DA:65,1
DA:67,1
DA:68,1
DA:69,1
DA:70,1
DA:71,1
DA:72,1
DA:75,1
DA:77,1
DA:78,1
DA:79,1
DA:80,1
DA:81,1
DA:83,1
DA:85,1
DA:86,1
DA:87,1
DA:89,1
DA:92,1
DA:93,1
DA:94,1
DA:97,1
DA:99,1
DA:100,1
DA:101,1
DA:103,1
DA:104,1
DA:105,1
DA:106,1
LF:69
LH:69
BRDA:58,1,0,1
BRDA:58,1,1,1
BRF:2
BRH:2
end_of_record
TN:
SF:Y:\Projects\Modules\Omniscience-Sdk-Resolver\lib\Firefox\IPResolver.js
FN:6,(anonymous_1)
FN:6,defineProperties
FN:6,(anonymous_3)
FN:10,_classCallCheck
FN:14,(anonymous_5)
FN:15,IPResolver
FN:24,resolveIPs
FN:34,(anonymous_8)
FN:38,(anonymous_9)
FN:39,(anonymous_10)
FN:46,_forceGetIPs
FN:51,onPacketReceived
FNF:12
FNH:12
FNDA:1,(anonymous_1)
FNDA:1,defineProperties
FNDA:1,(anonymous_3)
FNDA:3,_classCallCheck
FNDA:1,(anonymous_5)
FNDA:3,IPResolver
FNDA:3,resolveIPs
FNDA:3,(anonymous_8)
FNDA:3,(anonymous_9)
FNDA:5,(anonymous_10)
FNDA:1,_forceGetIPs
FNDA:1,onPacketReceived
DA:6,2
DA:10,3
DA:12,1
DA:14,1
DA:15,1
DA:16,3
DA:18,3
DA:19,3
DA:22,1
DA:27,3
DA:29,3
DA:30,3
DA:31,3
DA:32,4
DA:34,3
DA:35,3
DA:36,2
DA:38,3
DA:39,3
DA:40,5
DA:41,1
DA:47,1
DA:48,1
DA:50,1
DA:53,1
DA:54,1
DA:58,1
DA:62,1
DA:65,1
LF:29
LH:29
BRDA:6,1,0,2
BRDA:6,1,1,2
BRDA:6,2,0,2
BRDA:6,2,1,0
BRDA:6,3,0,1
BRDA:6,3,1,0
BRDA:6,4,0,0
BRDA:6,4,1,1
BRDA:10,5,0,0
BRDA:10,5,1,3
BRDA:34,6,0,2
BRDA:34,6,1,1
BRDA:39,7,0,2
BRDA:39,7,1,1
BRF:14
BRH:14
end_of_record
TN:
SF:Y:\Projects\Modules\Omniscience-Sdk-Resolver\spec\Firefox\UDPSpec.js
FN:10,(anonymous_1)
FN:14,(anonymous_2)
FN:20,(anonymous_3)
FN:21,(anonymous_4)
FN:34,(anonymous_5)
FNF:5
FNH:5
FNDA:1,(anonymous_1)
FNDA:2,(anonymous_2)
FNDA:1,(anonymous_3)
FNDA:1,(anonymous_4)
FNDA:1,(anonymous_5)
DA:5,1
DA:7,1
DA:8,1
DA:10,1
DA:11,1
DA:12,1
DA:13,1
DA:14,1
DA:15,2
DA:16,2
DA:17,2
DA:20,1
DA:21,1
DA:23,1
DA:24,1
DA:27,1
DA:30,1
DA:31,1
DA:32,1
DA:34,1
DA:36,1
DA:37,1
DA:38,1
DA:41,1
DA:44,1
DA:45,1
DA:46,1
LF:27
LH:27
BRF:0
BRH:0
end_of_record
TN:
SF:Y:\Projects\Modules\Omniscience-Sdk-Resolver\lib\Firefox\UDP.js
FN:5,(anonymous_1)
FN:5,defineProperties
FN:5,(anonymous_3)
FN:9,_classCallCheck
FN:11,(anonymous_5)
FN:12,UDP
FN:21,createUDPSocket
FNF:7
FNH:7
FNDA:1,(anonymous_1)
FNDA:1,defineProperties
FNDA:1,(anonymous_3)
FNDA:2,_classCallCheck
FNDA:1,(anonymous_5)
FNDA:2,UDP
FNDA:2,createUDPSocket
DA:5,1
DA:9,2
DA:11,1
DA:12,1
DA:13,2
DA:15,2
DA:16,2
DA:19,1
DA:22,2
DA:23,2
DA:24,2
DA:28,1
DA:31,1
LF:13
LH:13
BRDA:5,1,0,1
BRDA:5,1,1,1
BRDA:5,2,0,1
BRDA:5,2,1,0
BRDA:5,3,0,1
BRDA:5,3,1,0
BRDA:5,4,0,0
BRDA:5,4,1,1
BRDA:9,5,0,0
BRDA:9,5,1,2
BRDA:23,6,0,2
BRDA:23,6,1,1
BRF:12
BRH:12
end_of_record
